<?xml version="1.0" encoding="UTF-8"?>
<!-- Generated by org.testng.reporters.JUnitReportReporter -->
<testsuite hostname="LAPTOP-LMUR1VSE" failures="0" tests="2" name="qafox.testng" time="0.006" errors="0" timestamp="2024-08-01T15:59:07 IST" skipped="0">
  <testcase classname="qafox.testng" name="alwayRun" time="0.001"/>
  <system-out/>
  <testcase classname="qafox.testng" name="invlidlogin" time="0.005"/>
  <system-out/>
</testsuite> <!-- qafox.testng -->
