<?xml version="1.0" encoding="UTF-8"?>
<!-- Generated by org.testng.reporters.JUnitReportReporter -->
<testsuite hostname="LAPTOP-LMUR1VSE" failures="0" tests="1" name="strings.String_buffer" time="0.009" errors="0" timestamp="2024-08-03T12:18:48 IST" skipped="0">
  <testcase classname="strings.String_buffer" name="Stringmethod" time="0.009"/>
  <system-out/>
</testsuite> <!-- strings.String_buffer -->
