<?xml version="1.0" encoding="UTF-8"?>
<!-- Generated by org.testng.reporters.JUnitReportReporter -->
<testsuite hostname="LAPTOP-LMUR1VSE" failures="0" tests="2" name="qafox.DaraProvide" time="0.010" errors="0" timestamp="2024-08-01T17:04:01 IST" skipped="0">
  <testcase classname="qafox.DaraProvide" name="student" time="0.007"/>
  <system-out/>
  <testcase classname="qafox.DaraProvide" name="student" time="0.003"/>
  <system-out/>
</testsuite> <!-- qafox.DaraProvide -->
